<?xml version="1.0" encoding="UTF-8"?>
<testsuite name="proje1.AppTest" tests="1" skipped="0" failures="0" errors="0" timestamp="2023-04-09T20:27:34" hostname="DESKTOP-9BNCSR6" time="0.004">
  <properties/>
  <testcase name="appHasAGreeting" classname="proje1.AppTest" time="0.004"/>
  <system-out><![CDATA[]]></system-out>
  <system-err><![CDATA[]]></system-err>
</testsuite>
